<?xml version="1.0" encoding="UTF-8"?>
<!-- Generated by org.testng.reporters.JUnitReportReporter -->
<testsuite skipped="0" hostname="KNACKHYDL0210" name="com.knacksystems.driverfactory.AppTest" tests="1" failures="0" timestamp="16 Dec 2019 14:19:12 GMT" time="28.511" errors="0">
  <testcase name="kickStart" time="28.511" classname="com.knacksystems.driverfactory.AppTest"/>
</testsuite> <!-- com.knacksystems.driverfactory.AppTest -->
