<?xml version="1.0" encoding="UTF-8"?>
<!-- Generated by org.testng.reporters.JUnitReportReporter -->
<testsuite skipped="0" hostname="KNACKHYDL0210" name="com.knacksystems.driverfactory.AppTest" tests="1" failures="0" timestamp="17 Dec 2019 09:58:46 GMT" time="471.725" errors="0">
  <testcase name="kickStart" time="471.725" classname="com.knacksystems.driverfactory.AppTest"/>
</testsuite> <!-- com.knacksystems.driverfactory.AppTest -->
